build/app/intermediates/manifest_merge_blame_file/release/manifest-merger-blame-release-report.txt
1<?xml version="1.0" encoding="utf-8"?>
2<manifest xmlns:android="http://schemas.android.com/apk/res/android"
3    package="com.signify.hue.reactivebleexample"
4    android:versionCode="1"
5    android:versionName="5.0.2" >
6
7    <uses-sdk
8        android:minSdkVersion="21"
8-->src\main\AndroidManifest.xml
9        android:targetSdkVersion="31" />
9-->src\main\AndroidManifest.xml
10
11    <uses-permission android:name="android.permission.WRITE_EXTERNAL_STORAGE" />
11-->src\main\AndroidManifest.xml:4:3-78
11-->src\main\AndroidManifest.xml:4:20-76
12    <uses-permission android:name="android.permission.READ_EXTERNAL_STORAGE" />
12-->src\main\AndroidManifest.xml:5:5-79
12-->src\main\AndroidManifest.xml:5:22-77
13    <uses-permission android:name="android.permission.INTERNET" />
13-->src\main\AndroidManifest.xml:6:1-62
13-->src\main\AndroidManifest.xml:6:18-60
14    <!-- required for API 18 - 30 -->
15    <uses-permission
15-->src\main\AndroidManifest.xml:8:5-10:42
16        android:name="android.permission.BLUETOOTH"
16-->src\main\AndroidManifest.xml:9:13-56
17        android:maxSdkVersion="30" />
17-->src\main\AndroidManifest.xml:10:13-39
18    <uses-permission
18-->src\main\AndroidManifest.xml:11:5-13:42
19        android:name="android.permission.BLUETOOTH_ADMIN"
19-->src\main\AndroidManifest.xml:12:13-62
20        android:maxSdkVersion="30" />
20-->src\main\AndroidManifest.xml:13:13-39
21
22    <!-- required for API 23 - 30 -->
23    <uses-permission-sdk-23
23-->src\main\AndroidManifest.xml:16:5-18:42
24        android:name="android.permission.ACCESS_COARSE_LOCATION"
24-->src\main\AndroidManifest.xml:17:13-69
25        android:maxSdkVersion="30" />
25-->src\main\AndroidManifest.xml:18:13-39
26    <uses-permission-sdk-23
26-->src\main\AndroidManifest.xml:19:5-21:42
27        android:name="android.permission.ACCESS_FINE_LOCATION"
27-->src\main\AndroidManifest.xml:20:13-67
28        android:maxSdkVersion="30" />
28-->src\main\AndroidManifest.xml:21:13-39
29
30    <!-- API 31+ -->
31    <uses-permission android:name="android.permission.BLUETOOTH_CONNECT" />
31-->src\main\AndroidManifest.xml:24:5-76
31-->src\main\AndroidManifest.xml:24:22-73
32    <uses-permission
32-->src\main\AndroidManifest.xml:25:5-27:62
33        android:name="android.permission.BLUETOOTH_SCAN"
33-->src\main\AndroidManifest.xml:26:13-61
34        android:usesPermissionFlags="neverForLocation" />
34-->src\main\AndroidManifest.xml:27:13-59
35
36    <meta-data
36-->src\main\AndroidManifest.xml:49:5-51:29
37        android:name="flutterEmbedding"
37-->src\main\AndroidManifest.xml:50:9-40
38        android:value="2" />
38-->src\main\AndroidManifest.xml:51:9-26
39
40    <uses-permission android:name="android.permission.ACCESS_COARSE_LOCATION" />
40-->[:flutter_bluetooth_serial] AndroidManifest.xml:9:5-81
40-->[:flutter_bluetooth_serial] AndroidManifest.xml:9:22-78
41    <uses-permission android:name="android.permission.ACCESS_FINE_LOCATION" />
41-->[:flutter_bluetooth_serial] AndroidManifest.xml:10:5-79
41-->[:flutter_bluetooth_serial] AndroidManifest.xml:10:22-76
42    <uses-permission android:name="android.permission.RECEIVE_BOOT_COMPLETED" />
42-->[:flutter_local_notifications] AndroidManifest.xml:7:5-81
42-->[:flutter_local_notifications] AndroidManifest.xml:7:22-78
43    <uses-permission android:name="android.permission.VIBRATE" />
43-->[:flutter_local_notifications] AndroidManifest.xml:8:5-66
43-->[:flutter_local_notifications] AndroidManifest.xml:8:22-63
44    <uses-permission android:name="android.permission.USE_FULL_SCREEN_INTENT" />
44-->[:flutter_local_notifications] AndroidManifest.xml:9:5-81
44-->[:flutter_local_notifications] AndroidManifest.xml:9:22-78
45    <uses-permission android:name="android.permission.SCHEDULE_EXACT_ALARM" />
45-->[:flutter_local_notifications] AndroidManifest.xml:10:5-79
45-->[:flutter_local_notifications] AndroidManifest.xml:10:22-76
46    <uses-permission android:name="android.permission.POST_NOTIFICATIONS" />
46-->[:flutter_local_notifications] AndroidManifest.xml:11:5-77
46-->[:flutter_local_notifications] AndroidManifest.xml:11:22-74
47
48    <application
48-->src\main\AndroidManifest.xml:29:5-47:19
49        android:appComponentFactory="androidx.core.app.CoreComponentFactory"
49-->[androidx.core:core:1.6.0] AndroidManifest.xml:24:18-86
50        android:icon="@mipmap/ic_launcher"
50-->src\main\AndroidManifest.xml:31:9-43
51        android:label="flutter_reactive_ble_example"
51-->src\main\AndroidManifest.xml:30:9-53
52        android:requestLegacyExternalStorage="true" >
52-->src\main\AndroidManifest.xml:32:10-53
53        <activity
53-->src\main\AndroidManifest.xml:33:9-46:20
54            android:name="com.signify.hue.reactivebleexample.MainActivity"
54-->src\main\AndroidManifest.xml:34:13-75
55            android:configChanges="orientation|keyboardHidden|keyboard|screenSize|locale|layoutDirection|fontScale|screenLayout|density"
55-->src\main\AndroidManifest.xml:37:13-137
56            android:exported="true"
56-->src\main\AndroidManifest.xml:40:13-36
57            android:hardwareAccelerated="true"
57-->src\main\AndroidManifest.xml:38:13-47
58            android:launchMode="singleTop"
58-->src\main\AndroidManifest.xml:35:13-43
59            android:theme="@style/LaunchTheme"
59-->src\main\AndroidManifest.xml:36:13-47
60            android:windowSoftInputMode="adjustResize" >
60-->src\main\AndroidManifest.xml:39:13-55
61            <intent-filter>
61-->src\main\AndroidManifest.xml:42:13-45:29
62                <action android:name="android.intent.action.MAIN" />
62-->src\main\AndroidManifest.xml:43:17-68
62-->src\main\AndroidManifest.xml:43:25-66
63
64                <category android:name="android.intent.category.LAUNCHER" />
64-->src\main\AndroidManifest.xml:44:17-76
64-->src\main\AndroidManifest.xml:44:27-74
65            </intent-filter>
66        </activity>
67
68        <receiver
68-->[:flutter_local_notifications] AndroidManifest.xml:14:9-16:40
69            android:name="com.dexterous.flutterlocalnotifications.ActionBroadcastReceiver"
69-->[:flutter_local_notifications] AndroidManifest.xml:15:13-91
70            android:exported="false" />
70-->[:flutter_local_notifications] AndroidManifest.xml:16:13-37
71        <receiver
71-->[:flutter_local_notifications] AndroidManifest.xml:17:9-19:40
72            android:name="com.dexterous.flutterlocalnotifications.ScheduledNotificationReceiver"
72-->[:flutter_local_notifications] AndroidManifest.xml:18:13-97
73            android:exported="false" />
73-->[:flutter_local_notifications] AndroidManifest.xml:19:13-37
74        <receiver
74-->[:flutter_local_notifications] AndroidManifest.xml:20:9-29:20
75            android:name="com.dexterous.flutterlocalnotifications.ScheduledNotificationBootReceiver"
75-->[:flutter_local_notifications] AndroidManifest.xml:21:13-101
76            android:exported="false" >
76-->[:flutter_local_notifications] AndroidManifest.xml:22:13-37
77            <intent-filter>
77-->[:flutter_local_notifications] AndroidManifest.xml:23:13-28:29
78                <action android:name="android.intent.action.BOOT_COMPLETED" />
78-->[:flutter_local_notifications] AndroidManifest.xml:24:17-79
78-->[:flutter_local_notifications] AndroidManifest.xml:24:25-76
79                <action android:name="android.intent.action.MY_PACKAGE_REPLACED" />
79-->[:flutter_local_notifications] AndroidManifest.xml:25:17-84
79-->[:flutter_local_notifications] AndroidManifest.xml:25:25-81
80                <action android:name="android.intent.action.QUICKBOOT_POWERON" />
80-->[:flutter_local_notifications] AndroidManifest.xml:26:17-82
80-->[:flutter_local_notifications] AndroidManifest.xml:26:25-79
81                <action android:name="com.htc.intent.action.QUICKBOOT_POWERON" />
81-->[:flutter_local_notifications] AndroidManifest.xml:27:17-82
81-->[:flutter_local_notifications] AndroidManifest.xml:27:25-79
82            </intent-filter>
83        </receiver>
84
85        <uses-library
85-->[androidx.window:window:1.0.0-beta04] AndroidManifest.xml:25:9-27:40
86            android:name="androidx.window.extensions"
86-->[androidx.window:window:1.0.0-beta04] AndroidManifest.xml:26:13-54
87            android:required="false" />
87-->[androidx.window:window:1.0.0-beta04] AndroidManifest.xml:27:13-37
88        <uses-library
88-->[androidx.window:window:1.0.0-beta04] AndroidManifest.xml:28:9-30:40
89            android:name="androidx.window.sidecar"
89-->[androidx.window:window:1.0.0-beta04] AndroidManifest.xml:29:13-51
90            android:required="false" />
90-->[androidx.window:window:1.0.0-beta04] AndroidManifest.xml:30:13-37
91    </application>
92
93</manifest>